<?xml version="1.0" encoding="UTF-8"?>
<!-- Generated by org.testng.reporters.JUnitXMLReporter -->
<testsuite ignored="3" hostname="Elavarasan" failures="1" tests="1" name="Default test(failed)" time="0.124" errors="0" timestamp="2024-09-18T10:37:22 IST">
  <testcase classname="com.NSE.Marketdata" name="click_on_DRSCARGO" time="0.036">
    <failure type="java.lang.NullPointerException" message="Cannot invoke &amp;quot;org.openqa.selenium.WebDriver.findElement(org.openqa.selenium.By)&amp;quot; because &amp;quot;com.NSE.Marketdata.driver&amp;quot; is null">
      <![CDATA[java.lang.NullPointerException: Cannot invoke "org.openqa.selenium.WebDriver.findElement(org.openqa.selenium.By)" because "com.NSE.Marketdata.driver" is null
at com.NSE.Marketdata.click_on_DRSCARGO(Marketdata.java:69)
at java.base/java.util.ArrayList.forEach(ArrayList.java:1596)
... Removed 25 stack frames]]>
    </failure>
  </testcase> <!-- click_on_DRSCARGO -->
  <testcase classname="com.NSE.Marketdata" name="Enter_The_website" time="0.0">
    <ignored/>
  </testcase> <!-- Enter_The_website -->
  <testcase classname="com.NSE.Marketdata" name="validate_on_ActiveListing" time="0.0">
    <ignored/>
  </testcase> <!-- validate_on_ActiveListing -->
  <testcase classname="com.NSE.Marketdata" name="click_on_Listings" time="0.0">
    <ignored/>
  </testcase> <!-- click_on_Listings -->
</testsuite> <!-- Default test(failed) -->
