<?xml version="1.0" encoding="UTF-8"?>
<!-- Generated by org.testng.reporters.JUnitXMLReporter -->
<testsuite hostname="Elavarasan" failures="0" tests="5" name="Test1" time="40.606" errors="0" timestamp="22 Sep 2024 07:14:56 GMT">
  <testcase classname="com.purplle.data" name="" time="14.76"/>
  <testcase classname="com.purplle.data" name="" time="0.359"/>
  <testcase classname="com.purplle.data" name="" time="0.0">
    <skipped/>
  </testcase> <!--  -->
  <testcase classname="com.purplle.data" name="" time="20.085"/>
  <testcase classname="com.purplle.data" name="" time="5.183"/>
</testsuite> <!-- Test1 -->
